2015-09-15 21:09:35 INFO  Configuration:34 - Loading configurations from file...
2015-09-15 21:09:35 INFO  Configuration:42 - Successfully loaded properties from file.
2015-09-15 21:09:35 DEBUG DbUtils:32 - Opening Database Insight5...
2015-09-15 21:09:40 INFO  Test:30 - Student Name :Lasitha
2015-09-15 21:09:40 INFO  Test:31 - Student Company :Virtusa
2015-09-15 21:09:40 DEBUG DbUtils:51 - Shutting Down Database...
2015-09-15 21:09:40 DEBUG DbUtils:53 - Shut Down Database Completed
2015-09-15 21:09:49 INFO  Configuration:34 - Loading configurations from file...
2015-09-15 21:09:49 INFO  Configuration:42 - Successfully loaded properties from file.
2015-09-15 21:09:49 DEBUG DbUtils:32 - Opening Database Insight5...
2015-09-15 21:09:51 INFO  Test:30 - Student Name :Lasitha
2015-09-15 21:09:51 INFO  Test:31 - Student Company :Virtusa
2015-09-15 21:09:51 DEBUG DbUtils:51 - Shutting Down Database...
2015-09-15 21:09:51 DEBUG DbUtils:53 - Shut Down Database Completed
2015-09-15 21:10:08 INFO  Configuration:34 - Loading configurations from file...
2015-09-15 21:10:08 INFO  Configuration:42 - Successfully loaded properties from file.
2015-09-15 21:10:08 DEBUG DbUtils:32 - Opening Database Insight5...
2015-09-15 21:10:09 INFO  Test:30 - Student Name :Lasitha
2015-09-15 21:10:09 INFO  Test:31 - Student Company :Virtusa
2015-09-15 21:10:09 DEBUG DbUtils:51 - Shutting Down Database...
2015-09-15 21:10:09 DEBUG DbUtils:53 - Shut Down Database Completed
2015-09-15 21:27:32 INFO  Commons:32 - Loading configurations...
2015-09-15 21:27:32 DEBUG DbUtils:32 - Opening Database Insight5...
2015-09-15 21:27:33 INFO  Test:30 - Student Name :Lasitha
2015-09-15 21:27:33 INFO  Test:31 - Student Company :Virtusa
2015-09-15 21:27:33 DEBUG DbUtils:51 - Shutting Down Database...
2015-09-15 21:27:33 DEBUG DbUtils:53 - Shut Down Database Completed
2015-09-15 21:27:42 INFO  Commons:32 - Loading configurations...
2015-09-15 21:27:42 DEBUG DbUtils:32 - Opening Database Insight5...
2015-09-15 21:27:44 INFO  Test:30 - Student Name :Lasitha
2015-09-15 21:27:44 INFO  Test:31 - Student Company :Virtusa
2015-09-15 21:27:44 DEBUG DbUtils:51 - Shutting Down Database...
2015-09-15 21:27:44 DEBUG DbUtils:53 - Shut Down Database Completed
2015-09-15 21:27:55 INFO  Commons:32 - Loading configurations...
2015-09-15 21:27:55 DEBUG DbUtils:32 - Opening Database Insight5...
2015-09-15 21:27:56 INFO  Test:30 - Student Name :Lasitha
2015-09-15 21:27:56 INFO  Test:31 - Student Company :Virtusa
2015-09-15 21:27:56 DEBUG DbUtils:51 - Shutting Down Database...
2015-09-15 21:27:56 DEBUG DbUtils:53 - Shut Down Database Completed
2015-09-15 21:57:44 INFO  Commons:32 - Loading configurations...
2015-09-15 21:57:44 DEBUG Commons:52 - Closing stream...
2015-09-15 21:57:44 DEBUG DbUtils:32 - Opening Database Insight5...
2015-09-15 21:57:46 INFO  Test:30 - Student Name :Lasitha
2015-09-15 21:57:46 INFO  Test:31 - Student Company :Virtusa
2015-09-15 21:57:46 DEBUG DbUtils:51 - Shutting Down Database...
2015-09-15 21:57:46 DEBUG DbUtils:53 - Shut Down Database Completed
2015-09-15 22:34:47 INFO  Commons:31 - Loading configurations...
2015-09-15 22:34:47 DEBUG DbUtils:31 - Opening Database Insight5...
2015-09-15 22:34:49 INFO  Test:30 - Student Name :Lasitha
2015-09-15 22:34:49 INFO  Test:31 - Student Company :Virtusa
2015-09-15 22:34:49 DEBUG DbUtils:49 - Shutting Down Database...
2015-09-15 22:34:49 DEBUG DbUtils:51 - Shut Down Database Completed
2015-09-15 23:07:43 INFO  Commons:31 - Loading configurations...
2015-09-15 23:07:43 DEBUG DbUtils:31 - Opening Database Insight5...
2015-09-15 23:07:45 INFO  Test:30 - Student Name :Lasitha
2015-09-15 23:07:45 INFO  Test:31 - Student Company :Virtusa
2015-09-15 23:07:45 DEBUG DbUtils:49 - Shutting Down Database...
2015-09-15 23:07:45 DEBUG DbUtils:51 - Shut Down Database Completed
